0 info it worked if it ends with ok
1 verbose cli [ 'C:\\fatma\\programs\\NodeJS\\node.exe',
1 verbose cli   'C:\\fatma\\programs\\NodeJS\\node_modules\\npm\\bin\\npm-cli.js',
1 verbose cli   'start' ]
2 info using npm@3.10.8
3 info using node@v6.9.1
4 verbose run-script [ 'prestart', 'start', 'poststart' ]
5 info lifecycle aesh_malh@1.0.0~prestart: aesh_malh@1.0.0
6 silly lifecycle aesh_malh@1.0.0~prestart: no script for prestart, continuing
7 info lifecycle aesh_malh@1.0.0~start: aesh_malh@1.0.0
8 verbose lifecycle aesh_malh@1.0.0~start: unsafe-perm in lifecycle true
9 verbose lifecycle aesh_malh@1.0.0~start: PATH: C:\fatma\programs\NodeJS\node_modules\npm\bin\node-gyp-bin;C:\Users\GAMAL\Desktop\Aesh_Mal7\Aesh_Malh\node_modules\.bin;C:\Program Files (x86)\NVIDIA Corporation\PhysX\Common;C:\Perl64\site\bin;C:\Perl64\bin;C:\fatma\programs\sqlite;C:\ProgramData\Oracle\Java\javapath;C:\Program Files (x86)\Intel\iCLS Client\;C:\Program Files\Intel\iCLS Client\;C:\Windows\system32;C:\Windows;C:\Windows\System32\Wbem;C:\Windows\System32\WindowsPowerShell\v1.0\;C:\Program Files\Intel\Intel(R) Management Engine Components\DAL;C:\Program Files\Intel\Intel(R) Management Engine Components\IPT;C:\Program Files (x86)\Intel\Intel(R) Management Engine Components\DAL;C:\Program Files (x86)\Intel\Intel(R) Management Engine Components\IPT;C:\Program Files\Intel\WiFi\bin\;C:\Program Files\Common Files\Intel\WirelessCommon\;C:\Program Files (x86)\Skype\Phone\;C:\Program Files (x86)\Windows Kits\8.1\Windows Performance Toolkit\;C:\Program Files\Git\cmd;C:\Program Files (x86)\QuickTime\QTSystem\;C:\Program Files\Microsoft SQL Server\110\Tools\Binn\;C:\Windows\System32\Assimp32.dll;C:\Program Files\Microsoft SQL Server\110\DTS\Binn\;C:\Program Files (x86)\Microsoft SQL Server\110\Tools\Binn\;C:\Program Files (x86)\Microsoft SQL Server\110\Tools\Binn\ManagementStudio\;C:\Program Files (x86)\Microsoft Visual Studio 10.0\Common7\IDE\PrivateAssemblies\;C:\Program Files (x86)\Microsoft SQL Server\110\DTS\Binn\;C:\Windows\Microsoft.NET\Framework64\v4.0.30319;C:\Program Files\Microsoft SQL Server\120\Tools\Binn\;C:\Program Files\Microsoft SQL Server\130\Tools\Binn\;C:\fatma\programs\NodeJS\;C:\Program Files\dotnet\;C:\Program Files (x86)\GTK2-Runtime\bin;C:\Users\GAMAL\.dnx\bin;C:\Users\GAMAL\AppData\Local\Programs\Python\Python35-32\Scripts\;C:\Users\GAMAL\AppData\Local\Programs\Python\Python35-32\;C:\fatma\programs\Python\Scripts\;C:\fatma\programs\Python\;C:\Program Files\Intel\WiFi\bin\;C:\Program Files\Common Files\Intel\WirelessCommon\;C:\fatma\programs\Visual Studio\Microsoft VS Code\bin;C:\fatma\git\Git\bin;C:\Windows\System32\Assimp32.dll;C:\Users\GAMAL\AppData\Roaming\npm
10 verbose lifecycle aesh_malh@1.0.0~start: CWD: C:\Users\GAMAL\Desktop\Aesh_Mal7\Aesh_Malh
11 silly lifecycle aesh_malh@1.0.0~start: Args: [ '/d /s /c', 'node server.js' ]
12 silly lifecycle aesh_malh@1.0.0~start: Returned: code: 1  signal: null
13 info lifecycle aesh_malh@1.0.0~start: Failed to exec start script
14 verbose stack Error: aesh_malh@1.0.0 start: `node server.js`
14 verbose stack Exit status 1
14 verbose stack     at EventEmitter.<anonymous> (C:\fatma\programs\NodeJS\node_modules\npm\lib\utils\lifecycle.js:255:16)
14 verbose stack     at emitTwo (events.js:106:13)
14 verbose stack     at EventEmitter.emit (events.js:191:7)
14 verbose stack     at ChildProcess.<anonymous> (C:\fatma\programs\NodeJS\node_modules\npm\lib\utils\spawn.js:40:14)
14 verbose stack     at emitTwo (events.js:106:13)
14 verbose stack     at ChildProcess.emit (events.js:191:7)
14 verbose stack     at maybeClose (internal/child_process.js:877:16)
14 verbose stack     at Process.ChildProcess._handle.onexit (internal/child_process.js:226:5)
15 verbose pkgid aesh_malh@1.0.0
16 verbose cwd C:\Users\GAMAL\Desktop\Aesh_Mal7\Aesh_Malh
17 error Windows_NT 6.3.9600
18 error argv "C:\\fatma\\programs\\NodeJS\\node.exe" "C:\\fatma\\programs\\NodeJS\\node_modules\\npm\\bin\\npm-cli.js" "start"
19 error node v6.9.1
20 error npm  v3.10.8
21 error code ELIFECYCLE
22 error aesh_malh@1.0.0 start: `node server.js`
22 error Exit status 1
23 error Failed at the aesh_malh@1.0.0 start script 'node server.js'.
23 error Make sure you have the latest version of node.js and npm installed.
23 error If you do, this is most likely a problem with the aesh_malh package,
23 error not with npm itself.
23 error Tell the author that this fails on your system:
23 error     node server.js
23 error You can get information on how to open an issue for this project with:
23 error     npm bugs aesh_malh
23 error Or if that isn't available, you can get their info via:
23 error     npm owner ls aesh_malh
23 error There is likely additional logging output above.
24 verbose exit [ 1, true ]
